\BOOKMARK [0][-]{chapter.1}{Sfere rigide}{}% 1
\BOOKMARK [1][-]{section.1.1}{2 Dimensioni}{chapter.1}% 2
\BOOKMARK [2][-]{subsection.1.1.1}{Inizializzazione}{section.1.1}% 3
\BOOKMARK [2][-]{subsection.1.1.2}{Termalizzazione}{section.1.1}% 4
\BOOKMARK [2][-]{subsection.1.1.3}{Raccolta e Analisi Dati}{section.1.1}% 5
\BOOKMARK [2][-]{subsection.1.1.4}{Tempi di collisioni}{section.1.1}% 6
\BOOKMARK [0][-]{chapter.2}{Modello di Ising}{}% 7
\BOOKMARK [1][-]{section.2.1}{Termalizzazione}{chapter.2}% 8
\BOOKMARK [1][-]{section.2.2}{Autocorrelazione fra le configurazioni}{chapter.2}% 9
\BOOKMARK [1][-]{section.2.3}{Binning}{chapter.2}% 10
\BOOKMARK [1][-]{section.2.4}{Energia e Magnetizzazione}{chapter.2}% 11
\BOOKMARK [1][-]{section.2.5}{Distribuzione di probabilit\340 della magnetizzazione}{chapter.2}% 12
\BOOKMARK [1][-]{section.2.6}{Lunghezza di correlazione}{chapter.2}% 13
\BOOKMARK [1][-]{section.2.7}{Finite Size Scaling}{chapter.2}% 14
\BOOKMARK [0][-]{chapter.3}{Modello di Potts}{}% 15
\BOOKMARK [1][-]{section.3.1}{Termalizzazione}{chapter.3}% 16
\BOOKMARK [1][-]{section.3.2}{Binning}{chapter.3}% 17
\BOOKMARK [1][-]{section.3.3}{Energia e Magnetizzazione}{chapter.3}% 18
\BOOKMARK [1][-]{section.3.4}{Distribuzione di probabilit\340 della magnetizzazione}{chapter.3}% 19
\BOOKMARK [1][-]{section.3.5}{Lunghezza di correlazione}{chapter.3}% 20
\BOOKMARK [1][-]{section.3.6}{Finite Size Scaling}{chapter.3}% 21
